<?xml version="1.0" encoding="UTF-8"?>
<robot generator="Robot 5.0.1 (Python 3.9.10 on win32)" generated="20230525 03:41:03.641" rpa="true" schemaversion="3">
<suite id="s1" name="Robot" source="C:\Users\HP 840 G3\Desktop\robotbasededonees\robot.robot">
<kw name="Connect To Database" library="RPA.Database" type="SETUP">
<arg>psycopg2</arg>
<arg>${dbname}</arg>
<arg>${dbusername}</arg>
<arg>${dbpassword}</arg>
<arg>${dbhost}</arg>
<arg>${dbport}</arg>
<doc>Connect to database using DB API 2.0 module.</doc>
<msg timestamp="20230525 03:41:05.044" level="INFO">Protecting keyword: RPA.Database.Connect To Database</msg>
<msg timestamp="20230525 03:41:05.167" level="INFO">Log level changed from NONE to INFO.</msg>
<status status="PASS" starttime="20230525 03:41:05.043" endtime="20230525 03:41:05.166"/>
</kw>
<test id="s1-t1" name="Recuperer les donnees du rapport depuis la base de donnees et envoyer un mail au responsable avec une piece jointe pdf" line="27">
<kw name="Lire base de donnees">
<var>@{List_nom_responsable}</var>
<kw name="Query" library="RPA.Database">
<var>@{list_rapports}</var>
<arg>Select * FROM ${tblname}</arg>
<doc>Execute a SQL query and optionally return the execution result.</doc>
<msg timestamp="20230525 03:41:05.171" level="INFO">Executing query: Select * FROM tbl_rapport_journalier</msg>
<msg timestamp="20230525 03:41:05.175" level="INFO">@{list_rapports} = [ {'id': 1, 'nom_magasin': 'CAP NORD', 'nom_responsable': 'Roméo BEYARA', 'email_responsable': 'romeo.beyara@eburtis.ci', 'jounee': datetime.date(2023, 5, 19), 'carte_bancaire': Decimal('12000'), 'esp...</msg>
<status status="PASS" starttime="20230525 03:41:05.170" endtime="20230525 03:41:05.175"/>
</kw>
<msg timestamp="20230525 03:41:05.176" level="INFO">@{List_nom_responsable} = [ {'id': 1, 'nom_magasin': 'CAP NORD', 'nom_responsable': 'Roméo BEYARA', 'email_responsable': 'romeo.beyara@eburtis.ci', 'jounee': datetime.date(2023, 5, 19), 'carte_bancaire': Decimal('12000'), 'esp...</msg>
<status status="PASS" starttime="20230525 03:41:05.169" endtime="20230525 03:41:05.176"/>
</kw>
<kw name="Create Dictionary" library="BuiltIn">
<var>&amp;{dictionnaire_rapports}</var>
<doc>Creates and returns a dictionary based on the given ``items``.</doc>
<msg timestamp="20230525 03:41:05.178" level="INFO">&amp;{dictionnaire_rapports} = { }</msg>
<status status="PASS" starttime="20230525 03:41:05.177" endtime="20230525 03:41:05.178"/>
</kw>
<for flavor="IN">
<var>${items}</var>
<value>@{List_nom_responsable}</value>
<iter>
<var name="${items}">{'id': 1, 'nom_magasin': 'CAP NORD', 'nom_responsable': 'Roméo BEYARA', 'email_responsable': 'romeo.beyara@eburtis.ci', 'jounee': datetime.date(2023, 5, 19), 'carte_bancaire': Decimal('12000'), 'espec...</var>
<kw name="Set Variable" library="BuiltIn">
<var>${key}</var>
<arg>${items}[jounee]</arg>
<doc>Returns the given values which can then be assigned to a variables.</doc>
<msg timestamp="20230525 03:41:05.182" level="INFO">${key} = 2023-05-19</msg>
<status status="PASS" starttime="20230525 03:41:05.180" endtime="20230525 03:41:05.182"/>
</kw>
<kw name="Set Variable" library="BuiltIn">
<var>${value}</var>
<arg>${items}[nom_responsable]</arg>
<doc>Returns the given values which can then be assigned to a variables.</doc>
<msg timestamp="20230525 03:41:05.184" level="INFO">${value} = Roméo BEYARA</msg>
<status status="PASS" starttime="20230525 03:41:05.183" endtime="20230525 03:41:05.184"/>
</kw>
<kw name="Run Keyword If" library="BuiltIn">
<arg>${key} in ${dictionnaire_rapports}</arg>
<arg>Append Value to Existing Key</arg>
<arg>${dictionnaire_rapports}</arg>
<arg>${key}</arg>
<arg>${value}</arg>
<arg>ELSE</arg>
<arg>Create New Key with Value</arg>
<arg>${dictionnaire_rapports}</arg>
<arg>${key}</arg>
<arg>${value}</arg>
<doc>Runs the given keyword with the given arguments, if ``condition`` is true.</doc>
<msg timestamp="20230525 03:41:05.185" level="FAIL">Evaluating expression '2023-05-19 in {}' failed: SyntaxError: leading zeros in decimal integer literals are not permitted; use an 0o prefix for octal integers (&lt;string&gt;, line 1)</msg>
<status status="FAIL" starttime="20230525 03:41:05.184" endtime="20230525 03:41:05.189"/>
</kw>
<status status="FAIL" starttime="20230525 03:41:05.180" endtime="20230525 03:41:05.190"/>
</iter>
<status status="FAIL" starttime="20230525 03:41:05.179" endtime="20230525 03:41:05.191"/>
</for>
<kw name="Log" library="BuiltIn">
<arg>${dictionnaire_rapports}</arg>
<doc>Logs the given message with the given level.</doc>
<status status="NOT RUN" starttime="20230525 03:41:05.192" endtime="20230525 03:41:05.192"/>
</kw>
<status status="FAIL" starttime="20230525 03:41:05.167" endtime="20230525 03:41:05.193">Evaluating expression '2023-05-19 in {}' failed: SyntaxError: leading zeros in decimal integer literals are not permitted; use an 0o prefix for octal integers (&lt;string&gt;, line 1)</status>
</test>
<kw name="Disconnect From Database" library="RPA.Database" type="TEARDOWN">
<doc>Close connection to SQL database</doc>
<status status="PASS" starttime="20230525 03:41:05.197" endtime="20230525 03:41:05.197"/>
</kw>
<doc>Template robot main suite.</doc>
<status status="FAIL" starttime="20230525 03:41:03.645" endtime="20230525 03:41:05.197"/>
</suite>
<statistics>
<total>
<stat pass="0" fail="1" skip="0">All Tasks</stat>
</total>
<tag>
</tag>
<suite>
<stat pass="0" fail="1" skip="0" id="s1" name="Robot">Robot</stat>
</suite>
</statistics>
<errors>
</errors>
</robot>
